<component name="libraryTable">
  <library name="junit-4.12">
    <CLASSES>
      <root url="jar://D:/Maven_Jar/junit/junit/4.12/junit-4.12.jar!/" />
    </CLASSES>
    <JAVADOC>
      <root url="jar://D:/Maven_Jar/junit/junit/4.12/junit-4.12-javadoc.jar!/" />
    </JAVADOC>
    <SOURCES>
      <root url="jar://D:/Maven_Jar/junit/junit/4.12/junit-4.12-sources.jar!/" />
    </SOURCES>
  </library>
</component>